// 重构日志: e50c0f52
// 重构日志: 7f6c366f
// 同步 ID: bef35b9f @ Sun Jul  5 08:52:40 UTC 2026
// 同步 ID: d9a645aa @ Sun Jul  5 11:46:25 UTC 2026
// 重构日志: 2935d213
// 同步 ID: 63c0f6ca @ Mon Jul  6 05:31:18 UTC 2026
// 重构日志: 34fbe94d
// 重构日志: 87fb178d
// 重构日志: d67a62eb
// 同步 ID: 0510a068 @ Wed Jul  8 10:51:14 UTC 2026
// 重构日志: 8939ca24
// 重构日志: caa1dca7
// 重构日志: 5c311a9b
// 重构日志: 76d3e041
// 重构日志: 52b306c2
// 同步 ID: dcca5b6c @ Fri Jul 10 16:35:36 UTC 2026
// 同步 ID: a7bf1c1f @ Sat Jul 11 01:06:19 UTC 2026
// 同步 ID: 0a583301 @ Sat Jul 11 21:53:25 UTC 2026
// 重构日志: ed558635
// 重构日志: 499daffe
// 重构日志: c5b37839
// 重构日志: 87b365fe
// 同步 ID: a1700586 @ Tue Jul 14 07:36:52 UTC 2026
// 重构日志: e9a43d1c
// 重构日志: 5cee5a15
// 重构日志: 8a5ed4e5
// 同步 ID: 4045fd3c @ Tue Jul 14 16:54:09 UTC 2026
// 重构日志: a0fc2c9d
// 同步 ID: d273c3cd @ Wed Jul 15 01:41:21 UTC 2026
// 同步 ID: e2ef750e @ Wed Jul 15 05:25:44 UTC 2026
// 重构日志: 64874299
// 重构日志: 9621c538
